
 [15:16:37.913] Execution of the command sfdmu:run has been started.

 LOADING AND VALIDATING THE EXPORT.JSON SCRIPT ...

 OBJECT SET #1 STARTED

 {
   "Running Plugin version": "4.39.0"
}
 {
   "Running Add-On API version": "1.6.0"
}

 [15:16:37.923] Loading Core Add-On Module declarations ...
 [15:16:37.987] Connecting to the sourceOrg using SFDX sf org display ...

 [15:16:39.332] [ERROR] Execution of the command has aborted due to unexpected error: Command failed: sf org display --json --target-org sourceOrg.
 [15:16:39.335] [ERROR] [STACK TRACE] Error: Command failed: sf org display --json --target-org sourceOrg
    at checkExecSyncError (node:child_process:890:11)
    at execSync (node:child_process:962:15)
    at Common.execSf (/home/runner/.local/share/sf/node_modules/sfdmu/lib/modules/components/common_components/common.js:210:49)
    at ScriptOrg._setupConnection (/home/runner/.local/share/sf/node_modules/sfdmu/lib/modules/models/script_models/scriptOrg.js:122:53)
    at ScriptOrg.setupAsync (/home/runner/.local/share/sf/node_modules/sfdmu/lib/modules/models/script_models/scriptOrg.js:55:20)
    at Script.setupAsync (/home/runner/.local/share/sf/node_modules/sfdmu/lib/modules/models/script_models/script.js:236:30)
    at async RunCommand.setupObjectSetAsync (/home/runner/.local/share/sf/node_modules/sfdmu/lib/modules/commands_processors/runCommand.js:71:9)
    at async RunCommandExecutor.execute (/home/runner/.local/share/sf/node_modules/sfdmu/lib/modules/commands_processors/runCommandExecutor.js:39:17)
    at async Run.run (/home/runner/.local/share/sf/node_modules/sfdmu/lib/commands/sfdmu/run.js:20:9)
 [15:16:39.337] [ERROR] Execution of the command sfdmu:run has been completed. Exit code 1 (COMMAND_UNEXPECTED_ERROR).
 [15:16:39.337] Total time elapsed: 00h 00m 01s 420ms .